Determining if the pthread_create exist failed with the following output:
Change Dir: /home/josemaria/dev/drone/build/CMakeFiles/CMakeTmp

Run Build Command:"/usr/bin/make" "cmTC_ad3dd/fast"
/usr/bin/make -f CMakeFiles/cmTC_ad3dd.dir/build.make CMakeFiles/cmTC_ad3dd.dir/build
make[1]: Entering directory `/home/josemaria/dev/drone/build/CMakeFiles/CMakeTmp'
Building C object CMakeFiles/cmTC_ad3dd.dir/CheckSymbolExists.c.o
/usr/bin/cc     -o CMakeFiles/cmTC_ad3dd.dir/CheckSymbolExists.c.o   -c /home/josemaria/dev/drone/build/CMakeFiles/CMakeTmp/CheckSymbolExists.c
Linking C executable cmTC_ad3dd
/usr/bin/cmake -E cmake_link_script CMakeFiles/cmTC_ad3dd.dir/link.txt --verbose=1
/usr/bin/cc       CMakeFiles/cmTC_ad3dd.dir/CheckSymbolExists.c.o  -o cmTC_ad3dd -rdynamic 
CMakeFiles/cmTC_ad3dd.dir/CheckSymbolExists.c.o: In function `main':
CheckSymbolExists.c:(.text+0x16): undefined reference to `pthread_create'
collect2: error: ld returned 1 exit status
make[1]: *** [cmTC_ad3dd] Error 1
make[1]: Leaving directory `/home/josemaria/dev/drone/build/CMakeFiles/CMakeTmp'
make: *** [cmTC_ad3dd/fast] Error 2

File /home/josemaria/dev/drone/build/CMakeFiles/CMakeTmp/CheckSymbolExists.c:
/* */
#include <pthread.h>

int main(int argc, char** argv)
{
  (void)argv;
#ifndef pthread_create
  return ((int*)(&pthread_create))[argc];
#else
  (void)argc;
  return 0;
#endif
}

Determining if the function pthread_create exists in the pthreads failed with the following output:
Change Dir: /home/josemaria/dev/drone/build/CMakeFiles/CMakeTmp

Run Build Command:"/usr/bin/make" "cmTC_abc65/fast"
/usr/bin/make -f CMakeFiles/cmTC_abc65.dir/build.make CMakeFiles/cmTC_abc65.dir/build
make[1]: Entering directory `/home/josemaria/dev/drone/build/CMakeFiles/CMakeTmp'
Building C object CMakeFiles/cmTC_abc65.dir/CheckFunctionExists.c.o
/usr/bin/cc    -DCHECK_FUNCTION_EXISTS=pthread_create   -o CMakeFiles/cmTC_abc65.dir/CheckFunctionExists.c.o   -c /usr/share/cmake-3.5/Modules/CheckFunctionExists.c
Linking C executable cmTC_abc65
/usr/bin/cmake -E cmake_link_script CMakeFiles/cmTC_abc65.dir/link.txt --verbose=1
/usr/bin/cc   -DCHECK_FUNCTION_EXISTS=pthread_create    CMakeFiles/cmTC_abc65.dir/CheckFunctionExists.c.o  -o cmTC_abc65 -rdynamic -lpthreads 
/usr/bin/ld: cannot find -lpthreads
collect2: error: ld returned 1 exit status
make[1]: *** [cmTC_abc65] Error 1
make[1]: Leaving directory `/home/josemaria/dev/drone/build/CMakeFiles/CMakeTmp'
make: *** [cmTC_abc65/fast] Error 2


Determining if the Q_WS_WIN exist failed with the following output:
Change Dir: /home/josemaria/dev/drone/build/CMakeFiles/CMakeTmp

Run Build Command:"/usr/bin/make" "cmTC_0901b/fast"
/usr/bin/make -f CMakeFiles/cmTC_0901b.dir/build.make CMakeFiles/cmTC_0901b.dir/build
make[1]: Entering directory `/home/josemaria/dev/drone/build/CMakeFiles/CMakeTmp'
Building CXX object CMakeFiles/cmTC_0901b.dir/CheckSymbolExists.cxx.o
/usr/bin/c++    -I/usr/include/qt4   -o CMakeFiles/cmTC_0901b.dir/CheckSymbolExists.cxx.o -c /home/josemaria/dev/drone/build/CMakeFiles/CMakeTmp/CheckSymbolExists.cxx
/home/josemaria/dev/drone/build/CMakeFiles/CMakeTmp/CheckSymbolExists.cxx: In function ‘int main(int, char**)’:
/home/josemaria/dev/drone/build/CMakeFiles/CMakeTmp/CheckSymbolExists.cxx:8:19: error: ‘Q_WS_WIN’ was not declared in this scope
   return ((int*)(&Q_WS_WIN))[argc];
                   ^
make[1]: *** [CMakeFiles/cmTC_0901b.dir/CheckSymbolExists.cxx.o] Error 1
make[1]: Leaving directory `/home/josemaria/dev/drone/build/CMakeFiles/CMakeTmp'
make: *** [cmTC_0901b/fast] Error 2

File /home/josemaria/dev/drone/build/CMakeFiles/CMakeTmp/CheckSymbolExists.cxx:
/* */
#include <QtCore/qglobal.h>

int main(int argc, char** argv)
{
  (void)argv;
#ifndef Q_WS_WIN
  return ((int*)(&Q_WS_WIN))[argc];
#else
  (void)argc;
  return 0;
#endif
}

Determining if the Q_WS_QWS exist failed with the following output:
Change Dir: /home/josemaria/dev/drone/build/CMakeFiles/CMakeTmp

Run Build Command:"/usr/bin/make" "cmTC_e317d/fast"
/usr/bin/make -f CMakeFiles/cmTC_e317d.dir/build.make CMakeFiles/cmTC_e317d.dir/build
make[1]: Entering directory `/home/josemaria/dev/drone/build/CMakeFiles/CMakeTmp'
Building CXX object CMakeFiles/cmTC_e317d.dir/CheckSymbolExists.cxx.o
/usr/bin/c++    -I/usr/include/qt4   -o CMakeFiles/cmTC_e317d.dir/CheckSymbolExists.cxx.o -c /home/josemaria/dev/drone/build/CMakeFiles/CMakeTmp/CheckSymbolExists.cxx
/home/josemaria/dev/drone/build/CMakeFiles/CMakeTmp/CheckSymbolExists.cxx: In function ‘int main(int, char**)’:
/home/josemaria/dev/drone/build/CMakeFiles/CMakeTmp/CheckSymbolExists.cxx:8:19: error: ‘Q_WS_QWS’ was not declared in this scope
   return ((int*)(&Q_WS_QWS))[argc];
                   ^
make[1]: *** [CMakeFiles/cmTC_e317d.dir/CheckSymbolExists.cxx.o] Error 1
make[1]: Leaving directory `/home/josemaria/dev/drone/build/CMakeFiles/CMakeTmp'
make: *** [cmTC_e317d/fast] Error 2

File /home/josemaria/dev/drone/build/CMakeFiles/CMakeTmp/CheckSymbolExists.cxx:
/* */
#include <QtCore/qglobal.h>

int main(int argc, char** argv)
{
  (void)argv;
#ifndef Q_WS_QWS
  return ((int*)(&Q_WS_QWS))[argc];
#else
  (void)argc;
  return 0;
#endif
}

Determining if the Q_WS_MAC exist failed with the following output:
Change Dir: /home/josemaria/dev/drone/build/CMakeFiles/CMakeTmp

Run Build Command:"/usr/bin/make" "cmTC_18648/fast"
/usr/bin/make -f CMakeFiles/cmTC_18648.dir/build.make CMakeFiles/cmTC_18648.dir/build
make[1]: Entering directory `/home/josemaria/dev/drone/build/CMakeFiles/CMakeTmp'
Building CXX object CMakeFiles/cmTC_18648.dir/CheckSymbolExists.cxx.o
/usr/bin/c++    -I/usr/include/qt4   -o CMakeFiles/cmTC_18648.dir/CheckSymbolExists.cxx.o -c /home/josemaria/dev/drone/build/CMakeFiles/CMakeTmp/CheckSymbolExists.cxx
/home/josemaria/dev/drone/build/CMakeFiles/CMakeTmp/CheckSymbolExists.cxx: In function ‘int main(int, char**)’:
/home/josemaria/dev/drone/build/CMakeFiles/CMakeTmp/CheckSymbolExists.cxx:8:19: error: ‘Q_WS_MAC’ was not declared in this scope
   return ((int*)(&Q_WS_MAC))[argc];
                   ^
make[1]: *** [CMakeFiles/cmTC_18648.dir/CheckSymbolExists.cxx.o] Error 1
make[1]: Leaving directory `/home/josemaria/dev/drone/build/CMakeFiles/CMakeTmp'
make: *** [cmTC_18648/fast] Error 2

File /home/josemaria/dev/drone/build/CMakeFiles/CMakeTmp/CheckSymbolExists.cxx:
/* */
#include <QtCore/qglobal.h>

int main(int argc, char** argv)
{
  (void)argv;
#ifndef Q_WS_MAC
  return ((int*)(&Q_WS_MAC))[argc];
#else
  (void)argc;
  return 0;
#endif
}

